<?xml version="1.0" encoding="UTF-8"?>
<testsuite name="bloodnet.logic.commands.commandsessions.SingleStateCommandSessionTest" tests="2" skipped="0" failures="0" errors="0" timestamp="2025-11-02T06:49:25" hostname="LENOVOYOGA" time="0.003">
  <properties/>
  <testcase name="handle_terminalState_throwTerminalSessionStateException()" classname="bloodnet.logic.commands.commandsessions.SingleStateCommandSessionTest" time="0.001"/>
  <testcase name="handle_userInput_isDone()" classname="bloodnet.logic.commands.commandsessions.SingleStateCommandSessionTest" time="0.001"/>
  <system-out><![CDATA[]]></system-out>
  <system-err><![CDATA[]]></system-err>
</testsuite>
