<?xml version="1.0" encoding="UTF-8"?>
<testsuite name="bloodnet.logic.commands.FindDonationsCommandTest" tests="3" skipped="0" failures="0" errors="0" timestamp="2025-11-02T06:49:25" hostname="LENOVOYOGA" time="0.003">
  <properties/>
  <testcase name="execute_invalidIndex_success()" classname="bloodnet.logic.commands.FindDonationsCommandTest" time="0.001"/>
  <testcase name="execute_validIndex_success()" classname="bloodnet.logic.commands.FindDonationsCommandTest" time="0.001"/>
  <testcase name="equals()" classname="bloodnet.logic.commands.FindDonationsCommandTest" time="0.0"/>
  <system-out><![CDATA[]]></system-out>
  <system-err><![CDATA[]]></system-err>
</testsuite>
