<?xml version="1.0" encoding="UTF-8"?>
<testsuite name="bloodnet.logic.commands.FindCommandTest" tests="4" skipped="0" failures="0" errors="0" timestamp="2025-11-02T06:49:25" hostname="LENOVOYOGA" time="0.006">
  <properties/>
  <testcase name="execute_zeroKeywords_noPersonFound()" classname="bloodnet.logic.commands.FindCommandTest" time="0.001"/>
  <testcase name="equals()" classname="bloodnet.logic.commands.FindCommandTest" time="0.0"/>
  <testcase name="toStringMethod()" classname="bloodnet.logic.commands.FindCommandTest" time="0.001"/>
  <testcase name="execute_multipleKeywords_multiplePersonsFound()" classname="bloodnet.logic.commands.FindCommandTest" time="0.001"/>
  <system-out><![CDATA[]]></system-out>
  <system-err><![CDATA[]]></system-err>
</testsuite>
