<?xml version="1.0" encoding="UTF-8"?>
<testsuite name="bloodnet.logic.commands.EditPersonDescriptorTest" tests="2" skipped="0" failures="0" errors="0" timestamp="2025-11-02T06:49:25" hostname="LENOVOYOGA" time="0.015">
  <properties/>
  <testcase name="equals()" classname="bloodnet.logic.commands.EditPersonDescriptorTest" time="0.001"/>
  <testcase name="toStringMethod()" classname="bloodnet.logic.commands.EditPersonDescriptorTest" time="0.013"/>
  <system-out><![CDATA[]]></system-out>
  <system-err><![CDATA[]]></system-err>
</testsuite>
