<?xml version="1.0" encoding="UTF-8"?>
<testsuite name="bloodnet.logic.commands.AllCommandsTest" tests="2" skipped="0" failures="0" errors="0" timestamp="2025-11-02T06:49:25" hostname="LENOVOYOGA" time="0.006">
  <properties/>
  <testcase name="test_addInstructions_success()" classname="bloodnet.logic.commands.AllCommandsTest" time="0.005"/>
  <testcase name="test_addInstructionsDescriptionsCorrect_success()" classname="bloodnet.logic.commands.AllCommandsTest" time="0.001"/>
  <system-out><![CDATA[]]></system-out>
  <system-err><![CDATA[]]></system-err>
</testsuite>
