<?xml version="1.0" encoding="UTF-8"?>
<testsuite name="bloodnet.model.UserPrefsTest" tests="2" skipped="0" failures="0" errors="0" timestamp="2025-11-02T06:49:25" hostname="LENOVOYOGA" time="0.002">
  <properties/>
  <testcase name="setBloodNetFilePath_nullPath_throwsNullPointerException()" classname="bloodnet.model.UserPrefsTest" time="0.002"/>
  <testcase name="setGuiSettings_nullGuiSettings_throwsNullPointerException()" classname="bloodnet.model.UserPrefsTest" time="0.0"/>
  <system-out><![CDATA[]]></system-out>
  <system-err><![CDATA[]]></system-err>
</testsuite>
