<?xml version="1.0" encoding="UTF-8"?>
<testsuite name="bloodnet.logic.parser.FindCommandParserTest" tests="2" skipped="0" failures="0" errors="0" timestamp="2025-11-02T06:49:25" hostname="LENOVOYOGA" time="0.001">
  <properties/>
  <testcase name="parse_emptyArg_throwsParseException()" classname="bloodnet.logic.parser.FindCommandParserTest" time="0.0"/>
  <testcase name="parse_validArgs_returnsFindCommand()" classname="bloodnet.logic.parser.FindCommandParserTest" time="0.001"/>
  <system-out><![CDATA[]]></system-out>
  <system-err><![CDATA[]]></system-err>
</testsuite>
