<?xml version="1.0" encoding="UTF-8"?>
<testsuite name="bloodnet.logic.commands.ExitCommandTest" tests="2" skipped="0" failures="0" errors="0" timestamp="2025-11-02T06:49:25" hostname="LENOVOYOGA" time="0.001">
  <properties/>
  <testcase name="getMessage_string_returnsTrue()" classname="bloodnet.logic.commands.ExitCommandTest" time="0.0"/>
  <testcase name="execute_exit_success()" classname="bloodnet.logic.commands.ExitCommandTest" time="0.001"/>
  <system-out><![CDATA[]]></system-out>
  <system-err><![CDATA[]]></system-err>
</testsuite>
