<?xml version="1.0" encoding="UTF-8"?>
<testsuite name="bloodnet.logic.parser.AddDonationCommandParserTest" tests="9" skipped="0" failures="0" errors="0" timestamp="2025-11-02T06:49:25" hostname="LENOVOYOGA" time="0.009">
  <properties/>
  <testcase name="parse_invalidIndex_failure()" classname="bloodnet.logic.parser.AddDonationCommandParserTest" time="0.003"/>
  <testcase name="parse_preamblePresent_failure()" classname="bloodnet.logic.parser.AddDonationCommandParserTest" time="0.0"/>
  <testcase name="parse_missingPersonIndex_failure()" classname="bloodnet.logic.parser.AddDonationCommandParserTest" time="0.001"/>
  <testcase name="parse_allFieldsPresent_success()" classname="bloodnet.logic.parser.AddDonationCommandParserTest" time="0.0"/>
  <testcase name="parse_allFieldsMissing_failure()" classname="bloodnet.logic.parser.AddDonationCommandParserTest" time="0.001"/>
  <testcase name="parse_invalidBloodVolume_failure()" classname="bloodnet.logic.parser.AddDonationCommandParserTest" time="0.0"/>
  <testcase name="parse_missingDonationDate_failure()" classname="bloodnet.logic.parser.AddDonationCommandParserTest" time="0.0"/>
  <testcase name="parse_missingBloodVolume_failure()" classname="bloodnet.logic.parser.AddDonationCommandParserTest" time="0.001"/>
  <testcase name="parse_invalidDonationDate_failure()" classname="bloodnet.logic.parser.AddDonationCommandParserTest" time="0.001"/>
  <system-out><![CDATA[]]></system-out>
  <system-err><![CDATA[]]></system-err>
</testsuite>
