<?xml version="1.0" encoding="UTF-8"?>
<testsuite name="bloodnet.model.person.UniquePersonListTest" tests="23" skipped="0" failures="0" errors="0" timestamp="2025-11-02T06:49:25" hostname="LENOVOYOGA" time="0.031">
  <properties/>
  <testcase name="asUnmodifiableObservableList_modifyList_throwsUnsupportedOperationException()" classname="bloodnet.model.person.UniquePersonListTest" time="0.001"/>
  <testcase name="setPerson_editedPersonHasSameIdentity_success()" classname="bloodnet.model.person.UniquePersonListTest" time="0.0"/>
  <testcase name="toStringMethod()" classname="bloodnet.model.person.UniquePersonListTest" time="0.0"/>
  <testcase name="setPersons_list_replacesOwnListWithProvidedList()" classname="bloodnet.model.person.UniquePersonListTest" time="0.0"/>
  <testcase name="setPerson_targetPersonNotInList_throwsPersonNotFoundException()" classname="bloodnet.model.person.UniquePersonListTest" time="0.002"/>
  <testcase name="contains_nullPerson_throwsNullPointerException()" classname="bloodnet.model.person.UniquePersonListTest" time="0.001"/>
  <testcase name="setPerson_editedPersonHasDifferentIdentity_success()" classname="bloodnet.model.person.UniquePersonListTest" time="0.0"/>
  <testcase name="add_duplicatePerson_throwsDuplicatePersonException()" classname="bloodnet.model.person.UniquePersonListTest" time="0.001"/>
  <testcase name="setPerson_nullEditedPerson_throwsNullPointerException()" classname="bloodnet.model.person.UniquePersonListTest" time="0.001"/>
  <testcase name="contains_personNotInList_returnsFalse()" classname="bloodnet.model.person.UniquePersonListTest" time="0.0"/>
  <testcase name="setPersons_nullUniquePersonList_throwsNullPointerException()" classname="bloodnet.model.person.UniquePersonListTest" time="0.001"/>
  <testcase name="contains_personWithSameIdentityFieldsInList_returnsTrue()" classname="bloodnet.model.person.UniquePersonListTest" time="0.0"/>
  <testcase name="remove_existingPerson_removesPerson()" classname="bloodnet.model.person.UniquePersonListTest" time="0.0"/>
  <testcase name="setPersons_nullList_throwsNullPointerException()" classname="bloodnet.model.person.UniquePersonListTest" time="0.001"/>
  <testcase name="add_nullPerson_throwsNullPointerException()" classname="bloodnet.model.person.UniquePersonListTest" time="0.001"/>
  <testcase name="remove_nullPerson_throwsNullPointerException()" classname="bloodnet.model.person.UniquePersonListTest" time="0.001"/>
  <testcase name="setPerson_nullTargetPerson_throwsNullPointerException()" classname="bloodnet.model.person.UniquePersonListTest" time="0.001"/>
  <testcase name="setPersons_uniquePersonList_replacesOwnListWithProvidedUniquePersonList()" classname="bloodnet.model.person.UniquePersonListTest" time="0.001"/>
  <testcase name="remove_personDoesNotExist_throwsPersonNotFoundException()" classname="bloodnet.model.person.UniquePersonListTest" time="0.002"/>
  <testcase name="setPerson_editedPersonHasNonUniqueIdentity_throwsDuplicatePersonException()" classname="bloodnet.model.person.UniquePersonListTest" time="0.003"/>
  <testcase name="setPerson_editedPersonIsSamePerson_success()" classname="bloodnet.model.person.UniquePersonListTest" time="0.001"/>
  <testcase name="contains_personInList_returnsTrue()" classname="bloodnet.model.person.UniquePersonListTest" time="0.0"/>
  <testcase name="setPersons_listWithDuplicatePersons_throwsDuplicatePersonException()" classname="bloodnet.model.person.UniquePersonListTest" time="0.004"/>
  <system-out><![CDATA[]]></system-out>
  <system-err><![CDATA[]]></system-err>
</testsuite>
