<?xml version="1.0" encoding="UTF-8"?>
<testsuite name="bloodnet.logic.parser.EditDonationCommandParserTest" tests="5" skipped="0" failures="0" errors="0" timestamp="2025-11-02T06:49:25" hostname="LENOVOYOGA" time="0.003">
  <properties/>
  <testcase name="parse_missingParts_failure()" classname="bloodnet.logic.parser.EditDonationCommandParserTest" time="0.0"/>
  <testcase name="parse_validInputString_success()" classname="bloodnet.logic.parser.EditDonationCommandParserTest" time="0.001"/>
  <testcase name="parse_invalidPreamble_failure()" classname="bloodnet.logic.parser.EditDonationCommandParserTest" time="0.0"/>
  <testcase name="parse_invalidValue_failure()" classname="bloodnet.logic.parser.EditDonationCommandParserTest" time="0.0"/>
  <testcase name="parse_multipleRepeatedFields_failure()" classname="bloodnet.logic.parser.EditDonationCommandParserTest" time="0.002"/>
  <system-out><![CDATA[]]></system-out>
  <system-err><![CDATA[]]></system-err>
</testsuite>
