<?xml version="1.0" encoding="UTF-8"?>
<testsuite name="bloodnet.logic.parser.AddCommandParserTest" tests="4" skipped="0" failures="0" errors="0" timestamp="2025-11-02T06:49:25" hostname="LENOVOYOGA" time="0.03">
  <properties/>
  <testcase name="parse_repeatedNonTagValue_failure()" classname="bloodnet.logic.parser.AddCommandParserTest" time="0.022"/>
  <testcase name="parse_allFieldsPresent_success()" classname="bloodnet.logic.parser.AddCommandParserTest" time="0.002"/>
  <testcase name="parse_invalidValue_failure()" classname="bloodnet.logic.parser.AddCommandParserTest" time="0.005"/>
  <testcase name="parse_compulsoryFieldMissing_failure()" classname="bloodnet.logic.parser.AddCommandParserTest" time="0.001"/>
  <system-out><![CDATA[]]></system-out>
  <system-err><![CDATA[]]></system-err>
</testsuite>
