<?xml version="1.0" encoding="UTF-8"?>
<testsuite name="bloodnet.logic.commands.EditCommandTest" tests="10" skipped="0" failures="0" errors="0" timestamp="2025-11-02T06:49:25" hostname="LENOVOYOGA" time="0.011">
  <properties/>
  <testcase name="execute_invalidPersonIndexUnfilteredList_failure()" classname="bloodnet.logic.commands.EditCommandTest" time="0.001"/>
  <testcase name="execute_duplicatePersonUnfilteredList_failure()" classname="bloodnet.logic.commands.EditCommandTest" time="0.0"/>
  <testcase name="equals()" classname="bloodnet.logic.commands.EditCommandTest" time="0.0"/>
  <testcase name="toStringMethod()" classname="bloodnet.logic.commands.EditCommandTest" time="0.001"/>
  <testcase name="execute_allFieldsSpecifiedUnfilteredList_success()" classname="bloodnet.logic.commands.EditCommandTest" time="0.001"/>
  <testcase name="execute_invalidPersonIndexFilteredList_failure()" classname="bloodnet.logic.commands.EditCommandTest" time="0.001"/>
  <testcase name="execute_duplicatePersonFilteredList_failure()" classname="bloodnet.logic.commands.EditCommandTest" time="0.001"/>
  <testcase name="execute_filteredList_success()" classname="bloodnet.logic.commands.EditCommandTest" time="0.001"/>
  <testcase name="execute_someFieldsSpecifiedUnfilteredList_success()" classname="bloodnet.logic.commands.EditCommandTest" time="0.001"/>
  <testcase name="execute_noFieldSpecifiedUnfilteredList_success()" classname="bloodnet.logic.commands.EditCommandTest" time="0.001"/>
  <system-out><![CDATA[]]></system-out>
  <system-err><![CDATA[]]></system-err>
</testsuite>
