<?xml version="1.0" encoding="UTF-8"?>
<testsuite name="bloodnet.commons.util.CollectionUtilTest" tests="3" skipped="0" failures="0" errors="0" timestamp="2025-11-02T06:49:23" hostname="LENOVOYOGA" time="0.012">
  <properties/>
  <testcase name="requireAllNonNullCollection()" classname="bloodnet.commons.util.CollectionUtilTest" time="0.007"/>
  <testcase name="requireAllNonNullVarargs()" classname="bloodnet.commons.util.CollectionUtilTest" time="0.003"/>
  <testcase name="isAnyNonNull()" classname="bloodnet.commons.util.CollectionUtilTest" time="0.002"/>
  <system-out><![CDATA[]]></system-out>
  <system-err><![CDATA[]]></system-err>
</testsuite>
