<?xml version="1.0" encoding="UTF-8"?>
<testsuite name="bloodnet.logic.commands.InputResponseTest" tests="3" skipped="0" failures="0" errors="0" timestamp="2025-11-02T06:49:25" hostname="LENOVOYOGA" time="0.011">
  <properties/>
  <testcase name="equals()" classname="bloodnet.logic.commands.InputResponseTest" time="0.0"/>
  <testcase name="toStringMethod()" classname="bloodnet.logic.commands.InputResponseTest" time="0.008"/>
  <testcase name="hashcode()" classname="bloodnet.logic.commands.InputResponseTest" time="0.002"/>
  <system-out><![CDATA[]]></system-out>
  <system-err><![CDATA[]]></system-err>
</testsuite>
