<?xml version="1.0" encoding="UTF-8"?>
<testsuite name="bloodnet.logic.commands.commandsessions.ConfirmationCommandSessionTest" tests="5" skipped="0" failures="0" errors="0" timestamp="2025-11-02T06:49:25" hostname="LENOVOYOGA" time="0.016">
  <properties/>
  <testcase name="handle_invalidConfirmation_invalidInput()" classname="bloodnet.logic.commands.commandsessions.ConfirmationCommandSessionTest" time="0.007"/>
  <testcase name="handle_intialInput_seekConfirmation()" classname="bloodnet.logic.commands.commandsessions.ConfirmationCommandSessionTest" time="0.001"/>
  <testcase name="handle_terminalState_throwTerminalSessionStateException()" classname="bloodnet.logic.commands.commandsessions.ConfirmationCommandSessionTest" time="0.003"/>
  <testcase name="handle_positiveConfirmation_success()" classname="bloodnet.logic.commands.commandsessions.ConfirmationCommandSessionTest" time="0.001"/>
  <testcase name="handle_negativeConfirmation_cancelled()" classname="bloodnet.logic.commands.commandsessions.ConfirmationCommandSessionTest" time="0.002"/>
  <system-out><![CDATA[]]></system-out>
  <system-err><![CDATA[]]></system-err>
</testsuite>
