<?xml version="1.0" encoding="UTF-8"?>
<testsuite name="bloodnet.logic.commands.AddCommandIntegrationTest" tests="2" skipped="0" failures="0" errors="0" timestamp="2025-11-02T06:49:25" hostname="LENOVOYOGA" time="0.003">
  <properties/>
  <testcase name="execute_newPerson_success()" classname="bloodnet.logic.commands.AddCommandIntegrationTest" time="0.002"/>
  <testcase name="execute_duplicatePerson_throwsCommandException()" classname="bloodnet.logic.commands.AddCommandIntegrationTest" time="0.001"/>
  <system-out><![CDATA[]]></system-out>
  <system-err><![CDATA[]]></system-err>
</testsuite>
