<?xml version="1.0" encoding="UTF-8"?>
<testsuite name="bloodnet.model.person.DateOfBirthTest" tests="4" skipped="0" failures="0" errors="0" timestamp="2025-11-02T06:49:25" hostname="LENOVOYOGA" time="0.01">
  <properties/>
  <testcase name="equals()" classname="bloodnet.model.person.DateOfBirthTest" time="0.003"/>
  <testcase name="constructor_invalidName_throwsIllegalArgumentException()" classname="bloodnet.model.person.DateOfBirthTest" time="0.002"/>
  <testcase name="isValidDateOfBirth()" classname="bloodnet.model.person.DateOfBirthTest" time="0.002"/>
  <testcase name="constructor_null_throwsNullPointerException()" classname="bloodnet.model.person.DateOfBirthTest" time="0.001"/>
  <system-out><![CDATA[]]></system-out>
  <system-err><![CDATA[]]></system-err>
</testsuite>
