<?xml version="1.0" encoding="UTF-8"?>
<testsuite name="bloodnet.commons.core.VersionTest" tests="7" skipped="0" failures="0" errors="0" timestamp="2025-11-02T06:49:22" hostname="LENOVOYOGA" time="0.023">
  <properties/>
  <testcase name="versionComparable_validVersion_hashCodeIsCorrect()" classname="bloodnet.commons.core.VersionTest" time="0.006"/>
  <testcase name="versionToString_validVersion_correctStringRepresentation()" classname="bloodnet.commons.core.VersionTest" time="0.001"/>
  <testcase name="versionConstructor_correctParameter_valueAsExpected()" classname="bloodnet.commons.core.VersionTest" time="0.001"/>
  <testcase name="versionParsing_acceptableVersionString_parsedVersionCorrectly()" classname="bloodnet.commons.core.VersionTest" time="0.002"/>
  <testcase name="versionParsing_wrongVersionString_throwIllegalArgumentException()" classname="bloodnet.commons.core.VersionTest" time="0.006"/>
  <testcase name="versionComparable_validVersion_equalIsCorrect()" classname="bloodnet.commons.core.VersionTest" time="0.002"/>
  <testcase name="versionComparable_validVersion_compareToIsCorrect()" classname="bloodnet.commons.core.VersionTest" time="0.001"/>
  <system-out><![CDATA[]]></system-out>
  <system-err><![CDATA[]]></system-err>
</testsuite>
