<?xml version="1.0" encoding="UTF-8"?>
<testsuite name="bloodnet.model.person.PhoneTest" tests="4" skipped="0" failures="0" errors="0" timestamp="2025-11-02T06:49:25" hostname="LENOVOYOGA" time="0.007">
  <properties/>
  <testcase name="equals()" classname="bloodnet.model.person.PhoneTest" time="0.001"/>
  <testcase name="constructor_null_throwsNullPointerException()" classname="bloodnet.model.person.PhoneTest" time="0.002"/>
  <testcase name="constructor_invalidPhone_throwsIllegalArgumentException()" classname="bloodnet.model.person.PhoneTest" time="0.001"/>
  <testcase name="isValidPhone()" classname="bloodnet.model.person.PhoneTest" time="0.002"/>
  <system-out><![CDATA[]]></system-out>
  <system-err><![CDATA[]]></system-err>
</testsuite>
