<?xml version="1.0" encoding="UTF-8"?>
<testsuite name="bloodnet.logic.parser.FindDonationsCommandParserTest" tests="2" skipped="0" failures="0" errors="0" timestamp="2025-11-02T06:49:25" hostname="LENOVOYOGA" time="0.0">
  <properties/>
  <testcase name="parse_invalidArgs_throwsParseException()" classname="bloodnet.logic.parser.FindDonationsCommandParserTest" time="0.0"/>
  <testcase name="parse_validArgs_returnsFindDonationsCommand()" classname="bloodnet.logic.parser.FindDonationsCommandParserTest" time="0.0"/>
  <system-out><![CDATA[]]></system-out>
  <system-err><![CDATA[]]></system-err>
</testsuite>
