<?xml version="1.0" encoding="UTF-8"?>
<testsuite name="bloodnet.model.donationrecord.DonationRecordTest" tests="3" skipped="0" failures="0" errors="0" timestamp="2025-11-02T06:49:25" hostname="LENOVOYOGA" time="0.002">
  <properties/>
  <testcase name="equals()" classname="bloodnet.model.donationrecord.DonationRecordTest" time="0.0"/>
  <testcase name="toStringMethod()" classname="bloodnet.model.donationrecord.DonationRecordTest" time="0.002"/>
  <testcase name="isSameDonationRecord()" classname="bloodnet.model.donationrecord.DonationRecordTest" time="0.0"/>
  <system-out><![CDATA[]]></system-out>
  <system-err><![CDATA[]]></system-err>
</testsuite>
