<?xml version="1.0" encoding="UTF-8"?>
<testsuite name="bloodnet.commons.core.ConfigTest" tests="2" skipped="0" failures="0" errors="0" timestamp="2025-11-02T06:49:22" hostname="LENOVOYOGA" time="0.015">
  <properties/>
  <testcase name="equalsMethod()" classname="bloodnet.commons.core.ConfigTest" time="0.004"/>
  <testcase name="toStringMethod()" classname="bloodnet.commons.core.ConfigTest" time="0.011"/>
  <system-out><![CDATA[]]></system-out>
  <system-err><![CDATA[]]></system-err>
</testsuite>
