<?xml version="1.0" encoding="UTF-8"?>
<testsuite name="bloodnet.commons.util.JsonUtilTest" tests="2" skipped="0" failures="0" errors="0" timestamp="2025-11-02T06:49:24" hostname="LENOVOYOGA" time="0.028">
  <properties/>
  <testcase name="deserializeObjectFromJsonFile_noExceptionThrown()" classname="bloodnet.commons.util.JsonUtilTest" time="0.018"/>
  <testcase name="serializeObjectToJsonFile_noExceptionThrown()" classname="bloodnet.commons.util.JsonUtilTest" time="0.01"/>
  <system-out><![CDATA[]]></system-out>
  <system-err><![CDATA[]]></system-err>
</testsuite>
