<?xml version="1.0" encoding="UTF-8"?>
<testsuite name="bloodnet.logic.commands.ListCommandTest" tests="3" skipped="0" failures="0" errors="0" timestamp="2025-11-02T06:49:25" hostname="LENOVOYOGA" time="0.002">
  <properties/>
  <testcase name="execute_listIsFiltered_showsEverything()" classname="bloodnet.logic.commands.ListCommandTest" time="0.001"/>
  <testcase name="getMessage_string_returnsTrue()" classname="bloodnet.logic.commands.ListCommandTest" time="0.001"/>
  <testcase name="execute_listIsNotFiltered_showsSameList()" classname="bloodnet.logic.commands.ListCommandTest" time="0.0"/>
  <system-out><![CDATA[]]></system-out>
  <system-err><![CDATA[]]></system-err>
</testsuite>
