<?xml version="1.0" encoding="UTF-8"?>
<testsuite name="bloodnet.model.person.BloodTypeTest" tests="4" skipped="0" failures="0" errors="0" timestamp="2025-11-02T06:49:25" hostname="LENOVOYOGA" time="0.013">
  <properties/>
  <testcase name="constructor_invalidBloodType_throwsIllegalArgumentException()" classname="bloodnet.model.person.BloodTypeTest" time="0.003"/>
  <testcase name="isValidBloodType()" classname="bloodnet.model.person.BloodTypeTest" time="0.003"/>
  <testcase name="equals()" classname="bloodnet.model.person.BloodTypeTest" time="0.001"/>
  <testcase name="constructor_null_throwsNullPointerException()" classname="bloodnet.model.person.BloodTypeTest" time="0.003"/>
  <system-out><![CDATA[]]></system-out>
  <system-err><![CDATA[]]></system-err>
</testsuite>
