<?xml version="1.0" encoding="UTF-8"?>
<testsuite name="bloodnet.model.person.HasBloodTypeAndIsEligibleToDonatePredicateTest" tests="4" skipped="0" failures="0" errors="0" timestamp="2025-11-02T06:49:25" hostname="LENOVOYOGA" time="0.005">
  <properties/>
  <testcase name="equals()" classname="bloodnet.model.person.HasBloodTypeAndIsEligibleToDonatePredicateTest" time="0.0"/>
  <testcase name="toStringMethod()" classname="bloodnet.model.person.HasBloodTypeAndIsEligibleToDonatePredicateTest" time="0.001"/>
  <testcase name="test_personFailureWithFailingBloodTypePredicate_returnsFalse()" classname="bloodnet.model.person.HasBloodTypeAndIsEligibleToDonatePredicateTest" time="0.002"/>
  <testcase name="test_personSuccessWithBothPredicates_returnsTrue()" classname="bloodnet.model.person.HasBloodTypeAndIsEligibleToDonatePredicateTest" time="0.001"/>
  <system-out><![CDATA[]]></system-out>
  <system-err><![CDATA[]]></system-err>
</testsuite>
