<?xml version="1.0" encoding="UTF-8"?>
<testsuite name="bloodnet.model.donationrecord.BloodVolumeTest" tests="4" skipped="0" failures="0" errors="0" timestamp="2025-11-02T06:49:25" hostname="LENOVOYOGA" time="0.007">
  <properties/>
  <testcase name="constructor_invalidBloodVolume_throwsIllegalArgumentException()" classname="bloodnet.model.donationrecord.BloodVolumeTest" time="0.001"/>
  <testcase name="equals()" classname="bloodnet.model.donationrecord.BloodVolumeTest" time="0.0"/>
  <testcase name="isValidBloodVolume()" classname="bloodnet.model.donationrecord.BloodVolumeTest" time="0.003"/>
  <testcase name="constructor_null_throwsNullPointerException()" classname="bloodnet.model.donationrecord.BloodVolumeTest" time="0.002"/>
  <system-out><![CDATA[]]></system-out>
  <system-err><![CDATA[]]></system-err>
</testsuite>
